update-alternatives 2016-05-27 11:04:25: run with --quiet --install /usr/bin/awk awk /usr/bin/mawk 5 --slave /usr/share/man/man1/awk.1.gz awk.1.gz /usr/share/man/man1/mawk.1.gz --slave /usr/bin/nawk nawk /usr/bin/mawk --slave /usr/share/man/man1/nawk.1.gz nawk.1.gz /usr/share/man/man1/mawk.1.gz
update-alternatives 2016-05-27 11:04:25: link group awk updated to point to /usr/bin/mawk
update-alternatives 2016-05-27 11:05:08: run with --install /bin/mt mt /bin/mt-gnu 10 --slave /usr/share/man/man1/mt.1.gz mt.1.gz /usr/share/man/man1/mt-gnu.1.gz
update-alternatives 2016-05-27 11:05:08: link group mt updated to point to /bin/mt-gnu
update-alternatives 2016-05-27 11:05:09: run with --quiet --install /usr/bin/awk awk /usr/bin/mawk 5 --slave /usr/share/man/man1/awk.1.gz awk.1.gz /usr/share/man/man1/mawk.1.gz --slave /usr/bin/nawk nawk /usr/bin/mawk --slave /usr/share/man/man1/nawk.1.gz nawk.1.gz /usr/share/man/man1/mawk.1.gz
update-alternatives 2016-05-27 11:05:13: run with --install /usr/bin/lzma lzma /usr/bin/xz 20 --slave /usr/share/man/man1/lzma.1.gz lzma.1.gz /usr/share/man/man1/xz.1.gz --slave /usr/bin/unlzma unlzma /usr/bin/unxz --slave /usr/share/man/man1/unlzma.1.gz unlzma.1.gz /usr/share/man/man1/unxz.1.gz --slave /usr/bin/lzcat lzcat /usr/bin/xzcat --slave /usr/share/man/man1/lzcat.1.gz lzcat.1.gz /usr/share/man/man1/xzcat.1.gz --slave /usr/bin/lzmore lzmore /usr/bin/xzmore --slave /usr/share/man/man1/lzmore.1.gz lzmore.1.gz /usr/share/man/man1/xzmore.1.gz --slave /usr/bin/lzless lzless /usr/bin/xzless --slave /usr/share/man/man1/lzless.1.gz lzless.1.gz /usr/share/man/man1/xzless.1.gz --slave /usr/bin/lzdiff lzdiff /usr/bin/xzdiff --slave /usr/share/man/man1/lzdiff.1.gz lzdiff.1.gz /usr/share/man/man1/xzdiff.1.gz --slave /usr/bin/lzcmp lzcmp /usr/bin/xzcmp --slave /usr/share/man/man1/lzcmp.1.gz lzcmp.1.gz /usr/share/man/man1/xzcmp.1.gz --slave /usr/bin/lzgrep lzgrep /usr/bin/xzgrep --slave /usr/share/man/man1/lzgrep.1.gz lzgrep.1.gz /usr/share/man/man1/xzgrep.1.gz --slave /usr/bin/lzegrep lzegrep /usr/bin/xzegrep --slave /usr/share/man/man1/lzegrep.1.gz lzegrep.1.gz /usr/share/man/man1/xzegrep.1.gz --slave /usr/bin/lzfgrep lzfgrep /usr/bin/xzfgrep --slave /usr/share/man/man1/lzfgrep.1.gz lzfgrep.1.gz /usr/share/man/man1/xzfgrep.1.gz
update-alternatives 2016-05-27 11:05:13: link group lzma updated to point to /usr/bin/xz
update-alternatives 2016-05-27 11:06:03: run with --install /usr/sbin/rmt rmt /usr/sbin/rmt-tar 50 --slave /usr/share/man/man8/rmt.8.gz rmt.8.gz /usr/share/man/man8/rmt-tar.8.gz
update-alternatives 2016-05-27 11:06:03: link group rmt updated to point to /usr/sbin/rmt-tar
update-alternatives 2016-05-27 11:06:16: run with --install /usr/share/man/man7/builtins.7.gz builtins.7.gz /usr/share/man/man7/bash-builtins.7.gz 10
update-alternatives 2016-05-27 11:06:16: link group builtins.7.gz updated to point to /usr/share/man/man7/bash-builtins.7.gz
update-alternatives 2016-05-27 11:06:17: run with --install /usr/bin/w w /usr/bin/w.procps 50 --slave /usr/share/man/man1/w.1.gz w.1.gz /usr/share/man/man1/w.procps.1.gz
update-alternatives 2016-05-27 11:06:17: link group w updated to point to /usr/bin/w.procps
update-alternatives 2016-05-27 11:06:20: run with --install /usr/bin/pager pager /bin/more 50 --slave /usr/share/man/man1/pager.1.gz pager.1.gz /usr/share/man/man1/more.1.gz
update-alternatives 2016-05-27 11:06:20: link group pager updated to point to /bin/more
update-alternatives 2016-05-27 11:06:20: run with --install /usr/bin/pager pager /usr/bin/pg 10 --slave /usr/share/man/man1/pager.1.gz pager.1.gz /usr/share/man/man1/pg.1.gz
update-alternatives 2016-05-27 11:07:00: run with --quiet --install /usr/bin/pager pager /bin/less 77 --slave /usr/share/man/man1/pager.1.gz pager.1.gz /usr/share/man/man1/less.1.gz
update-alternatives 2016-05-27 11:07:00: link group pager updated to point to /bin/less
update-alternatives 2016-05-27 11:07:00: run with --quiet --remove pager /usr/bin/less
update-alternatives 2016-05-27 11:07:00: run with --quiet --install /usr/bin/pager pager /bin/less 77 --slave /usr/share/man/man1/pager.1.gz pager.1.gz /usr/share/man/man1/less.1.gz
update-alternatives 2016-05-27 11:07:00: run with --quiet --remove pager /usr/bin/less
update-alternatives 2016-05-27 11:07:02: run with --install /bin/nc nc /bin/nc.traditional 10 --slave /bin/netcat netcat /bin/nc.traditional --slave /usr/share/man/man1/nc.1.gz nc.1.gz /usr/share/man/man1/nc.traditional.1.gz --slave /usr/share/man/man1/netcat.1.gz netcat.1.gz /usr/share/man/man1/nc.traditional.1.gz
update-alternatives 2016-05-27 11:07:02: link group nc updated to point to /bin/nc.traditional
update-alternatives 2016-05-27 11:07:03: run with --install /bin/nc nc /bin/nc.openbsd 50 --slave /bin/netcat netcat /bin/nc.openbsd --slave /usr/share/man/man1/nc.1.gz nc.1.gz /usr/share/man/man1/nc_openbsd.1.gz --slave /usr/share/man/man1/netcat.1.gz netcat.1.gz /usr/share/man/man1/nc_openbsd.1.gz
update-alternatives 2016-05-27 11:07:03: link group nc updated to point to /bin/nc.openbsd
update-alternatives 2016-05-27 11:07:03: run with --install /usr/bin/editor editor /bin/nano 40 --slave /usr/share/man/man1/editor.1.gz editor.1.gz /usr/share/man/man1/nano.1.gz
update-alternatives 2016-05-27 11:07:03: link group editor updated to point to /bin/nano
update-alternatives 2016-05-27 11:07:03: run with --install /usr/bin/pico pico /bin/nano 10 --slave /usr/share/man/man1/pico.1.gz pico.1.gz /usr/share/man/man1/nano.1.gz
update-alternatives 2016-05-27 11:07:03: link group pico updated to point to /bin/nano
update-alternatives 2016-05-27 11:07:04: run with --install /usr/bin/write write /usr/bin/bsd-write 100 --slave /usr/share/man/man1/write.1.gz write.1.gz /usr/share/man/man1/bsd-write.1.gz
update-alternatives 2016-05-27 11:07:04: link group write updated to point to /usr/bin/bsd-write
update-alternatives 2016-05-27 11:07:04: run with --install /usr/bin/from from /usr/bin/bsd-from 10 --slave /usr/share/man/man1/from.1.gz from.1.gz /usr/share/man/man1/bsd-from.1.gz
update-alternatives 2016-05-27 11:07:04: link group from updated to point to /usr/bin/bsd-from
update-alternatives 2016-05-27 11:07:08: run with --install /usr/bin/traceroute traceroute /usr/bin/traceroute.db 100 --slave /usr/sbin/traceroute traceroute.sbin /usr/bin/traceroute.db --slave /usr/share/man/man1/traceroute.1.gz traceroute.1.gz /usr/share/man/man1/traceroute.db.1.gz
update-alternatives 2016-05-27 11:07:08: link group traceroute updated to point to /usr/bin/traceroute.db
update-alternatives 2016-05-27 11:07:08: run with --install /usr/bin/traceroute6 traceroute6 /usr/bin/traceroute6.db 100 --slave /usr/share/man/man1/traceroute6.1.gz traceroute6.1.gz /usr/share/man/man1/traceroute6.db.1.gz
update-alternatives 2016-05-27 11:07:08: link group traceroute6 updated to point to /usr/bin/traceroute6.db
update-alternatives 2016-05-27 11:07:08: run with --install /usr/bin/lft lft /usr/bin/lft.db 100 --slave /usr/share/man/man1/lft.1.gz lft.1.gz /usr/share/man/man1/lft.db.1.gz
update-alternatives 2016-05-27 11:07:08: link group lft updated to point to /usr/bin/lft.db
update-alternatives 2016-05-27 11:07:08: run with --install /usr/bin/traceproto traceproto /usr/bin/traceproto.db 100 --slave /usr/share/man/man1/traceproto.1.gz traceproto.1.gz /usr/share/man/man1/traceproto.db.1.gz
update-alternatives 2016-05-27 11:07:08: link group traceproto updated to point to /usr/bin/traceproto.db
update-alternatives 2016-05-27 11:07:08: run with --install /usr/sbin/tcptraceroute tcptraceroute /usr/sbin/tcptraceroute.db 100 --slave /usr/share/man/man8/tcptraceroute.8.gz tcptraceroute.8.gz /usr/share/man/man8/tcptraceroute.db.8.gz
update-alternatives 2016-05-27 11:07:08: link group tcptraceroute updated to point to /usr/sbin/tcptraceroute.db
update-alternatives 2016-05-27 11:07:09: run with --install /usr/bin/rview rview /usr/bin/vim.tiny 10
update-alternatives 2016-05-27 11:07:09: link group rview updated to point to /usr/bin/vim.tiny
update-alternatives 2016-05-27 11:07:09: run with --install /usr/bin/vi vi /usr/bin/vim.tiny 10 --slave /usr/share/man/fr/man1/vi.1.gz vi.fr.1.gz /usr/share/man/fr/man1/vim.1.gz --slave /usr/share/man/it/man1/vi.1.gz vi.it.1.gz /usr/share/man/it/man1/vim.1.gz --slave /usr/share/man/pl/man1/vi.1.gz vi.pl.1.gz /usr/share/man/pl/man1/vim.1.gz --slave /usr/share/man/ru/man1/vi.1.gz vi.ru.1.gz /usr/share/man/ru/man1/vim.1.gz --slave /usr/share/man/ja/man1/vi.1.gz vi.ja.1.gz /usr/share/man/ja/man1/vim.1.gz --slave /usr/share/man/man1/vi.1.gz vi.1.gz /usr/share/man/man1/vim.1.gz
update-alternatives 2016-05-27 11:07:09: link group vi updated to point to /usr/bin/vim.tiny
update-alternatives 2016-05-27 11:07:09: run with --install /usr/bin/view view /usr/bin/vim.tiny 10 --slave /usr/share/man/fr/man1/view.1.gz view.fr.1.gz /usr/share/man/fr/man1/vim.1.gz --slave /usr/share/man/it/man1/view.1.gz view.it.1.gz /usr/share/man/it/man1/vim.1.gz --slave /usr/share/man/pl/man1/view.1.gz view.pl.1.gz /usr/share/man/pl/man1/vim.1.gz --slave /usr/share/man/ru/man1/view.1.gz view.ru.1.gz /usr/share/man/ru/man1/vim.1.gz --slave /usr/share/man/ja/man1/view.1.gz view.ja.1.gz /usr/share/man/ja/man1/vim.1.gz --slave /usr/share/man/man1/view.1.gz view.1.gz /usr/share/man/man1/vim.1.gz
update-alternatives 2016-05-27 11:07:09: link group view updated to point to /usr/bin/vim.tiny
update-alternatives 2016-05-27 11:07:09: run with --install /usr/bin/ex ex /usr/bin/vim.tiny 10 --slave /usr/share/man/fr/man1/ex.1.gz ex.fr.1.gz /usr/share/man/fr/man1/vim.1.gz --slave /usr/share/man/it/man1/ex.1.gz ex.it.1.gz /usr/share/man/it/man1/vim.1.gz --slave /usr/share/man/pl/man1/ex.1.gz ex.pl.1.gz /usr/share/man/pl/man1/vim.1.gz --slave /usr/share/man/ru/man1/ex.1.gz ex.ru.1.gz /usr/share/man/ru/man1/vim.1.gz --slave /usr/share/man/ja/man1/ex.1.gz ex.ja.1.gz /usr/share/man/ja/man1/vim.1.gz --slave /usr/share/man/man1/ex.1.gz ex.1.gz /usr/share/man/man1/vim.1.gz
update-alternatives 2016-05-27 11:07:09: link group ex updated to point to /usr/bin/vim.tiny
update-alternatives 2016-05-27 11:07:09: run with --install /usr/bin/editor editor /usr/bin/vim.tiny 10 --slave /usr/share/man/fr/man1/editor.1.gz editor.fr.1.gz /usr/share/man/fr/man1/vim.1.gz --slave /usr/share/man/it/man1/editor.1.gz editor.it.1.gz /usr/share/man/it/man1/vim.1.gz --slave /usr/share/man/pl/man1/editor.1.gz editor.pl.1.gz /usr/share/man/pl/man1/vim.1.gz --slave /usr/share/man/ru/man1/editor.1.gz editor.ru.1.gz /usr/share/man/ru/man1/vim.1.gz --slave /usr/share/man/ja/man1/editor.1.gz editor.ja.1.gz /usr/share/man/ja/man1/vim.1.gz --slave /usr/share/man/man1/editor.1.gz editor.1.gz /usr/share/man/man1/vim.1.gz
update-alternatives 2016-05-27 11:07:11: run with --install /usr/bin/infobrowser infobrowser /usr/bin/info 60 --slave /usr/share/man/man1/infobrowser.1.gz infobrowser.1.gz /usr/share/man/man1/info.1.gz
update-alternatives 2016-05-27 11:07:11: link group infobrowser updated to point to /usr/bin/info
update-alternatives 2016-05-27 11:07:40: run with --install /usr/bin/aptitude aptitude /usr/bin/aptitude-curses 30 --slave /usr/share/man/man8/aptitude.8.gz aptitude.8.gz /usr/share/man/man8/aptitude-curses.8.gz --slave /usr/share/man/cs/man8/aptitude.8.gz aptitude.cs.8.gz /usr/share/man/cs/man8/aptitude-curses.8.gz --slave /usr/share/man/de/man8/aptitude.8.gz aptitude.de.8.gz /usr/share/man/de/man8/aptitude-curses.8.gz --slave /usr/share/man/es/man8/aptitude.8.gz aptitude.es.8.gz /usr/share/man/es/man8/aptitude-curses.8.gz --slave /usr/share/man/fi/man8/aptitude.8.gz aptitude.fi.8.gz /usr/share/man/fi/man8/aptitude-curses.8.gz --slave /usr/share/man/fr/man8/aptitude.8.gz aptitude.fr.8.gz /usr/share/man/fr/man8/aptitude-curses.8.gz --slave /usr/share/man/gl/man8/aptitude.8.gz aptitude.gl.8.gz /usr/share/man/gl/man8/aptitude-curses.8.gz --slave /usr/share/man/it/man8/aptitude.8.gz aptitude.it.8.gz /usr/share/man/it/man8/aptitude-curses.8.gz --slave /usr/share/man/ja/man8/aptitude.8.gz aptitude.ja.8.gz /usr/share/man/ja/man8/aptitude-curses.8.gz --slave /usr/share/man/pl/man8/aptitude.8.gz aptitude.pl.8.gz /usr/share/man/pl/man8/aptitude-curses.8.gz
update-alternatives 2016-05-27 11:07:40: link group aptitude updated to point to /usr/bin/aptitude-curses
update-alternatives 2016-05-27 11:09:25: run with --install /usr/bin/lua lua-interpreter /usr/bin/lua5.1 110 --slave /usr/share/man/man1/lua.1.gz lua-manual /usr/share/man/man1/lua5.1.1.gz
update-alternatives 2016-05-27 11:09:25: link group lua-interpreter updated to point to /usr/bin/lua5.1
update-alternatives 2016-05-27 11:09:25: run with --install /usr/bin/luac lua-compiler /usr/bin/luac5.1 110 --slave /usr/share/man/man1/luac.1.gz lua-compiler-manual /usr/share/man/man1/luac5.1.1.gz
update-alternatives 2016-05-27 11:09:25: link group lua-compiler updated to point to /usr/bin/luac5.1
update-alternatives 2016-05-27 11:12:38: run with --remove view /usr/bin/see
update-alternatives 2016-05-27 11:12:39: run with --install /usr/bin/rename rename /usr/bin/prename 60 --slave /usr/share/man/man1/rename.1.gz rename.1.gz /usr/share/man/man1/prename.1.gz
update-alternatives 2016-05-27 11:12:39: link group rename updated to point to /usr/bin/prename
update-alternatives 2016-05-27 11:13:16: run with --quiet --install /usr/bin/rsh rsh /usr/bin/ssh 20 --slave /usr/share/man/man1/rsh.1.gz rsh.1.gz /usr/share/man/man1/ssh.1.gz
update-alternatives 2016-05-27 11:13:16: link group rsh updated to point to /usr/bin/ssh
update-alternatives 2016-05-27 11:13:16: run with --quiet --install /usr/bin/rlogin rlogin /usr/bin/slogin 20 --slave /usr/share/man/man1/rlogin.1.gz rlogin.1.gz /usr/share/man/man1/slogin.1.gz
update-alternatives 2016-05-27 11:13:16: link group rlogin updated to point to /usr/bin/slogin
update-alternatives 2016-05-27 11:13:17: run with --quiet --install /usr/bin/rcp rcp /usr/bin/scp 20 --slave /usr/share/man/man1/rcp.1.gz rcp.1.gz /usr/share/man/man1/scp.1.gz
update-alternatives 2016-05-27 11:13:17: link group rcp updated to point to /usr/bin/scp
update-alternatives 2016-05-27 11:14:07: run with --quiet --install /lib/cpp cpp /usr/bin/cpp 10
update-alternatives 2016-05-27 11:14:07: link group cpp updated to point to /usr/bin/cpp
update-alternatives 2016-05-27 11:14:08: run with --quiet --install /usr/bin/cc cc /usr/bin/gcc 20
update-alternatives 2016-05-27 11:14:08: link group cc updated to point to /usr/bin/gcc
update-alternatives 2016-05-27 11:14:08: run with --quiet --install /usr/bin/c89 c89 /usr/bin/c89-gcc 20 --slave /usr/share/man/man1/c89.1.gz c89.1.gz /usr/share/man/man1/c89-gcc.1.gz
update-alternatives 2016-05-27 11:14:08: link group c89 updated to point to /usr/bin/c89-gcc
update-alternatives 2016-05-27 11:14:08: run with --quiet --install /usr/bin/c99 c99 /usr/bin/c99-gcc 20 --slave /usr/share/man/man1/c99.1.gz c99.1.gz /usr/share/man/man1/c99-gcc.1.gz
update-alternatives 2016-05-27 11:14:08: link group c99 updated to point to /usr/bin/c99-gcc
update-alternatives 2016-05-27 11:14:08: run with --install /usr/bin/c++ c++ /usr/bin/g++ 20
update-alternatives 2016-05-27 11:14:08: link group c++ updated to point to /usr/bin/g++
update-alternatives 2016-05-27 11:14:19: run with --quiet --install /usr/bin/editor editor /bin/ed -100 --slave /usr/share/man/man1/editor.1.gz editor.1.gz /usr/share/man/man1/ed.1.gz
update-alternatives 2016-05-27 11:14:19: run with --install /usr/bin/fakeroot fakeroot /usr/bin/fakeroot-sysv 50 --slave /usr/share/man/man1/fakeroot.1.gz fakeroot.1.gz /usr/share/man/man1/fakeroot-sysv.1.gz --slave /usr/share/man/man1/faked.1.gz faked.1.gz /usr/share/man/man1/faked-sysv.1.gz --slave /usr/share/man/es/man1/fakeroot.1.gz fakeroot.es.1.gz /usr/share/man/es/man1/fakeroot-sysv.1.gz --slave /usr/share/man/es/man1/faked.1.gz faked.es.1.gz /usr/share/man/es/man1/faked-sysv.1.gz --slave /usr/share/man/fr/man1/fakeroot.1.gz fakeroot.fr.1.gz /usr/share/man/fr/man1/fakeroot-sysv.1.gz --slave /usr/share/man/fr/man1/faked.1.gz faked.fr.1.gz /usr/share/man/fr/man1/faked-sysv.1.gz --slave /usr/share/man/sv/man1/fakeroot.1.gz fakeroot.sv.1.gz /usr/share/man/sv/man1/fakeroot-sysv.1.gz --slave /usr/share/man/sv/man1/faked.1.gz faked.sv.1.gz /usr/share/man/sv/man1/faked-sysv.1.gz
update-alternatives 2016-05-27 11:14:19: link group fakeroot updated to point to /usr/bin/fakeroot-sysv
update-alternatives 2016-05-27 11:14:19: run with --install /usr/bin/fakeroot fakeroot /usr/bin/fakeroot-tcp 30 --slave /usr/share/man/man1/fakeroot.1.gz fakeroot.1.gz /usr/share/man/man1/fakeroot-tcp.1.gz --slave /usr/share/man/man1/faked.1.gz faked.1.gz /usr/share/man/man1/faked-tcp.1.gz --slave /usr/share/man/es/man1/fakeroot.1.gz fakeroot.es.1.gz /usr/share/man/es/man1/fakeroot-tcp.1.gz --slave /usr/share/man/es/man1/faked.1.gz faked.es.1.gz /usr/share/man/es/man1/faked-tcp.1.gz --slave /usr/share/man/fr/man1/fakeroot.1.gz fakeroot.fr.1.gz /usr/share/man/fr/man1/fakeroot-tcp.1.gz --slave /usr/share/man/fr/man1/faked.1.gz faked.fr.1.gz /usr/share/man/fr/man1/faked-tcp.1.gz --slave /usr/share/man/sv/man1/fakeroot.1.gz fakeroot.sv.1.gz /usr/share/man/sv/man1/fakeroot-tcp.1.gz --slave /usr/share/man/sv/man1/faked.1.gz faked.sv.1.gz /usr/share/man/sv/man1/faked-tcp.1.gz
update-alternatives 2016-05-27 11:14:25: run with --install /usr/bin/rename rename /usr/bin/file-rename 70 --slave /usr/share/man/man1/rename.1.gz rename.1.gz /usr/share/man/man1/file-rename.1p.gz
update-alternatives 2016-05-27 11:14:25: link group rename updated to point to /usr/bin/file-rename
update-alternatives 2016-05-27 11:15:54: run with --quiet --install /sbin/dhcpcd dhcpcd /sbin/dhcpcd5 50 --slave /usr/share/man/man8/dhcpcd.8.gz dhcpcd.8.gz /usr/share/man/man8/dhcpcd5.8.gz
update-alternatives 2016-05-27 11:15:54: link group dhcpcd updated to point to /sbin/dhcpcd5
update-alternatives 2016-05-27 11:20:18: run with --install /usr/share/gconf/defaults/10_libgksu libgksu-gconf-defaults /usr/share/libgksu/debian/gconf-defaults.libgksu-sudo 10
update-alternatives 2016-05-27 11:20:18: link group libgksu-gconf-defaults updated to point to /usr/share/libgksu/debian/gconf-defaults.libgksu-sudo
update-alternatives 2016-05-27 11:20:18: run with --install /usr/share/gconf/defaults/10_libgksu libgksu-gconf-defaults /usr/share/libgksu/debian/gconf-defaults.libgksu-su 20
update-alternatives 2016-05-27 11:20:18: link group libgksu-gconf-defaults updated to point to /usr/share/libgksu/debian/gconf-defaults.libgksu-su
update-alternatives 2016-05-27 11:20:24: run with --install /usr/bin/gnome-text-editor gnome-text-editor /usr/bin/leafpad 40 --slave /usr/share/man/man1/gnome-text-editor.1.gz gnome-text-editor.1.gz /usr/share/man/man1/leafpad.1.gz
update-alternatives 2016-05-27 11:20:24: link group gnome-text-editor updated to point to /usr/bin/leafpad
update-alternatives 2016-05-27 11:20:28: run with --install /usr/bin/x-session-manager x-session-manager /usr/bin/lxsession 49 --slave /usr/share/man/man1/x-session-manager.1.gz x-session-manager.1.gz /usr/share/man/man1/lxsession.1.gz
update-alternatives 2016-05-27 11:20:28: link group x-session-manager updated to point to /usr/bin/lxsession
update-alternatives 2016-05-27 11:20:29: run with --install /usr/bin/x-session-manager x-session-manager /usr/bin/startlxde 50 --slave /usr/share/man/man1/x-session-manager.1.gz x-session-manager.1.gz /usr/share/man/man1/startlxde.1.gz
update-alternatives 2016-05-27 11:20:29: link group x-session-manager updated to point to /usr/bin/startlxde
update-alternatives 2016-05-27 11:20:30: run with --install /usr/bin/x-window-manager x-window-manager /usr/bin/openbox 90 --slave /usr/share/man/man1/x-window-manager.1.gz x-window-manager.1.gz /usr/share/man/man1/openbox.1.gz
update-alternatives 2016-05-27 11:20:30: link group x-window-manager updated to point to /usr/bin/openbox
update-alternatives 2016-05-27 11:20:30: run with --install /usr/bin/x-session-manager x-session-manager /usr/bin/openbox-session 40 --slave /usr/share/man/man1/x-session-manager.1.gz x-session-manager.1.gz /usr/share/man/man1/openbox-session.1.gz
update-alternatives 2016-05-27 11:20:32: run with --install /usr/bin/x-terminal-emulator x-terminal-emulator /usr/bin/lxterminal 40 --slave /usr/share/man/man1/x-terminal-emulator.1.gz x-terminal-emulator.1.gz /usr/share/man/man1/lxterminal.1.gz
update-alternatives 2016-05-27 11:20:32: link group x-terminal-emulator updated to point to /usr/bin/lxterminal
update-alternatives 2016-05-27 11:20:35: run with --install /usr/bin/netsurf netsurf-browser /usr/bin/netsurf-gtk 80 --slave /usr/share/man/man1/netsurf.1.gz netsurf-manual /usr/share/man/man1/netsurf-gtk.1.gz
update-alternatives 2016-05-27 11:20:35: link group netsurf-browser updated to point to /usr/bin/netsurf-gtk
update-alternatives 2016-05-27 11:20:38: run with --install /usr/share/xgreeters/lightdm-greeter.desktop lightdm-greeter /usr/share/xgreeters/lightdm-gtk-greeter.desktop 60
update-alternatives 2016-05-27 11:20:38: link group lightdm-greeter updated to point to /usr/share/xgreeters/lightdm-gtk-greeter.desktop
update-alternatives 2016-05-27 11:20:46: run with --install /usr/share/icons/default/index.theme x-cursor-theme /usr/share/icons/Adwaita/cursor.theme 90
update-alternatives 2016-05-27 11:20:46: link group x-cursor-theme updated to point to /usr/share/icons/Adwaita/cursor.theme
update-alternatives 2016-05-27 11:20:47: run with --install /usr/share/icons/gnome/scalable/places/start-here.svg start-here.svg /usr/share/icons/gnome/scalable/places/debian-swirl.svg 30 --slave /usr/share/icons/gnome/16x16/places/start-here.png start-here-16.png /usr/share/icons/gnome/16x16/places/debian-swirl.png --slave /usr/share/icons/gnome/22x22/places/start-here.png start-here-22.png /usr/share/icons/gnome/22x22/places/debian-swirl.png --slave /usr/share/icons/gnome/24x24/places/start-here.png start-here-24.png /usr/share/icons/gnome/24x24/places/debian-swirl.png --slave /usr/share/icons/gnome/256x256/places/start-here.png start-here-256.png /usr/share/icons/gnome/256x256/places/debian-swirl.png --slave /usr/share/icons/gnome/32x32/places/start-here.png start-here-32.png /usr/share/icons/gnome/32x32/places/debian-swirl.png --slave /usr/share/icons/gnome/48x48/places/start-here.png start-here-48.png /usr/share/icons/gnome/48x48/places/debian-swirl.png
update-alternatives 2016-05-27 11:20:47: link group start-here.svg updated to point to /usr/share/icons/gnome/scalable/places/debian-swirl.svg
update-alternatives 2016-05-27 11:20:47: run with --install /usr/share/icons/gnome/scalable/places/start-here.svg start-here.svg /usr/share/icons/gnome/scalable/places/gnome-foot.svg 20 --slave /usr/share/icons/gnome/16x16/places/start-here.png start-here-16.png /usr/share/icons/gnome/16x16/places/gnome-foot.png --slave /usr/share/icons/gnome/22x22/places/start-here.png start-here-22.png /usr/share/icons/gnome/22x22/places/gnome-foot.png --slave /usr/share/icons/gnome/24x24/places/start-here.png start-here-24.png /usr/share/icons/gnome/24x24/places/gnome-foot.png --slave /usr/share/icons/gnome/256x256/places/start-here.png start-here-256.png /usr/share/icons/gnome/256x256/places/gnome-foot.png --slave /usr/share/icons/gnome/32x32/places/start-here.png start-here-32.png /usr/share/icons/gnome/32x32/places/gnome-foot.png --slave /usr/share/icons/gnome/48x48/places/start-here.png start-here-48.png /usr/share/icons/gnome/48x48/places/gnome-foot.png
update-alternatives 2016-05-27 11:20:48: run with --install /usr/bin/x-www-browser x-www-browser /usr/bin/epiphany-browser 85 --slave /usr/share/man/man1/x-www-browser.1.gz x-www-browser.1.gz /usr/share/man/man1/epiphany-browser.1.gz
update-alternatives 2016-05-27 11:20:48: link group x-www-browser updated to point to /usr/bin/epiphany-browser
update-alternatives 2016-05-27 11:20:48: run with --install /usr/bin/gnome-www-browser gnome-www-browser /usr/bin/epiphany-browser 85 --slave /usr/share/man/man1/gnome-www-browser.1.gz gnome-www-browser.1.gz /usr/share/man/man1/epiphany-browser.1.gz
update-alternatives 2016-05-27 11:20:48: link group gnome-www-browser updated to point to /usr/bin/epiphany-browser
update-alternatives 2016-05-27 11:22:52: run with --install /usr/share/images/desktop-base/desktop-background desktop-background /usr/share/images/desktop-base/lines-wallpaper_1280x1024.svg 65
update-alternatives 2016-05-27 11:22:52: link group desktop-background updated to point to /usr/share/images/desktop-base/lines-wallpaper_1280x1024.svg
update-alternatives 2016-05-27 11:22:52: run with --install /usr/share/images/desktop-base/desktop-background desktop-background /usr/share/images/desktop-base/lines-wallpaper_1600x1200.svg 65
update-alternatives 2016-05-27 11:22:52: run with --install /usr/share/images/desktop-base/desktop-background desktop-background /usr/share/images/desktop-base/lines-wallpaper_1920x1080.svg 70
update-alternatives 2016-05-27 11:22:52: link group desktop-background updated to point to /usr/share/images/desktop-base/lines-wallpaper_1920x1080.svg
update-alternatives 2016-05-27 11:22:52: run with --install /usr/share/images/desktop-base/desktop-background desktop-background /usr/share/images/desktop-base/lines-wallpaper_1920x1200.svg 65
update-alternatives 2016-05-27 11:22:52: run with --install /usr/share/images/desktop-base/desktop-background desktop-background /usr/share/images/desktop-base/lines-wallpaper_2560x1080.svg 65
update-alternatives 2016-05-27 11:22:52: run with --install /usr/share/images/desktop-base/desktop-background desktop-background /usr/share/images/desktop-base/joy-wallpaper_1600x1200.svg 60
update-alternatives 2016-05-27 11:22:52: run with --install /usr/share/images/desktop-base/desktop-background desktop-background /usr/share/images/desktop-base/joy-wallpaper_1280x1024.svg 60
update-alternatives 2016-05-27 11:22:52: run with --install /usr/share/images/desktop-base/desktop-background desktop-background /usr/share/images/desktop-base/joy-wallpaper_1920x1080.svg 60
update-alternatives 2016-05-27 11:22:52: run with --install /usr/share/images/desktop-base/desktop-background desktop-background /usr/share/images/desktop-base/joy-wallpaper_1920x1200.svg 60
update-alternatives 2016-05-27 11:22:52: run with --install /usr/share/images/desktop-base/desktop-background desktop-background /usr/share/images/desktop-base/joy-inksplat-wallpaper_1920x1080.svg 60
update-alternatives 2016-05-27 11:22:53: run with --install /usr/share/images/desktop-base/desktop-background desktop-background /usr/share/images/desktop-base/spacefun-wallpaper.svg 50
update-alternatives 2016-05-27 11:22:53: run with --install /usr/share/images/desktop-base/desktop-background desktop-background /usr/share/images/desktop-base/spacefun-wallpaper-widescreen.svg 50
update-alternatives 2016-05-27 11:22:53: run with --install /usr/share/images/desktop-base/desktop-background desktop-background /usr/share/images/desktop-base/moreblue-orbit-wallpaper.svg 40
update-alternatives 2016-05-27 11:22:53: run with --install /usr/share/images/desktop-base/desktop-background desktop-background /usr/share/images/desktop-base/moreblue-orbit-wallpaper-widescreen.svg 40
update-alternatives 2016-05-27 11:22:53: run with --install /usr/share/images/desktop-base/desktop-background.xml desktop-background.xml /usr/share/images/desktop-base/lines.xml 20
update-alternatives 2016-05-27 11:22:53: link group desktop-background.xml updated to point to /usr/share/images/desktop-base/lines.xml
update-alternatives 2016-05-27 11:22:53: run with --install /usr/share/images/desktop-base/desktop-background.xml desktop-background.xml /usr/share/images/desktop-base/joy.xml 10
update-alternatives 2016-05-27 11:22:53: run with --install /usr/share/images/desktop-base/desktop-splash desktop-splash /usr/share/images/desktop-base/spacefun-splash.svg 50
update-alternatives 2016-05-27 11:22:53: link group desktop-splash updated to point to /usr/share/images/desktop-base/spacefun-splash.svg
update-alternatives 2016-05-27 11:22:53: run with --install /usr/share/images/desktop-base/desktop-splash desktop-splash /usr/share/images/desktop-base/moreblue-orbit-splash.png 40
update-alternatives 2016-05-27 11:22:53: run with --install /usr/share/images/desktop-base/desktop-grub.png desktop-grub /usr/share/images/desktop-base/lines-grub.png 20
update-alternatives 2016-05-27 11:22:53: link group desktop-grub updated to point to /usr/share/images/desktop-base/lines-grub.png
update-alternatives 2016-05-27 11:22:53: run with --install /usr/share/images/desktop-base/desktop-grub.png desktop-grub /usr/share/images/desktop-base/lines-grub-1920x1080.png 15
update-alternatives 2016-05-27 11:22:53: run with --install /usr/share/images/desktop-base/desktop-grub.png desktop-grub /usr/share/images/desktop-base/joy-grub.png 15
update-alternatives 2016-05-27 11:22:53: run with --install /usr/share/images/desktop-base/desktop-grub.png desktop-grub /usr/share/images/desktop-base/spacefun-grub.png 15
update-alternatives 2016-05-27 11:22:53: run with --install /usr/share/images/desktop-base/desktop-grub.png desktop-grub /usr/share/images/desktop-base/spacefun-grub-widescreen.png 14
update-alternatives 2016-05-27 11:23:18: run with --set libgksu-gconf-defaults /usr/share/libgksu/debian/gconf-defaults.libgksu-sudo
update-alternatives 2016-05-27 11:23:18: status of link group /usr/share/gconf/defaults/10_libgksu set to manual
update-alternatives 2016-05-27 11:23:18: link group libgksu-gconf-defaults updated to point to /usr/share/libgksu/debian/gconf-defaults.libgksu-sudo
update-alternatives 2016-05-27 11:23:19: run with --install /usr/share/images/desktop-base/desktop-background desktop-background /usr/share/raspberrypi-artwork/raspberry-pi-logo.png 100
update-alternatives 2016-05-27 11:23:19: link group desktop-background updated to point to /usr/share/raspberrypi-artwork/raspberry-pi-logo.png
update-alternatives 2016-05-27 11:28:59: run with --install /usr/lib/libblas.so.3 libblas.so.3 /usr/lib/libblas/libblas.so.3 10 --slave /usr/lib/libblas.so.3gf libblas.so.3gf /usr/lib/libblas/libblas.so.3
update-alternatives 2016-05-27 11:28:59: link group libblas.so.3 updated to point to /usr/lib/libblas/libblas.so.3
update-alternatives 2016-05-27 11:29:04: run with --install /usr/lib/liblapack.so.3 liblapack.so.3 /usr/lib/lapack/liblapack.so.3 10 --slave /usr/lib/liblapack.so.3gf liblapack.so.3gf /usr/lib/lapack/liblapack.so.3
update-alternatives 2016-05-27 11:29:04: link group liblapack.so.3 updated to point to /usr/lib/lapack/liblapack.so.3
update-alternatives 2016-05-27 11:37:33: run with --quiet --install /usr/bin/pinentry pinentry /usr/bin/pinentry-gtk-2 85 --slave /usr/share/man/man1/pinentry.1.gz pinentry.1.gz /usr/share/man/man1/pinentry-gtk-2.1.gz
update-alternatives 2016-05-27 11:37:33: link group pinentry updated to point to /usr/bin/pinentry-gtk-2
update-alternatives 2016-05-27 11:37:33: run with --quiet --install /usr/bin/pinentry-x11 pinentry-x11 /usr/bin/pinentry-gtk-2 85 --slave /usr/share/man/man1/pinentry-x11.1.gz pinentry-x11.1.gz /usr/share/man/man1/pinentry-gtk-2.1.gz
update-alternatives 2016-05-27 11:37:33: link group pinentry-x11 updated to point to /usr/bin/pinentry-gtk-2
update-alternatives 2016-05-27 11:37:56: run with --install /usr/bin/java java /usr/lib/jvm/jdk-8-oracle-arm32-vfp-hflt/jre/bin/java 318 --slave /usr/share/man/man1/java.1.gz java.1.gz /usr/lib/jvm/jdk-8-oracle-arm32-vfp-hflt/man/man1/java.1.gz
update-alternatives 2016-05-27 11:37:56: link group java updated to point to /usr/lib/jvm/jdk-8-oracle-arm32-vfp-hflt/jre/bin/java
update-alternatives 2016-05-27 11:37:56: run with --install /usr/bin/keytool keytool /usr/lib/jvm/jdk-8-oracle-arm32-vfp-hflt/jre/bin/keytool 318 --slave /usr/share/man/man1/keytool.1.gz keytool.1.gz /usr/lib/jvm/jdk-8-oracle-arm32-vfp-hflt/man/man1/keytool.1.gz
update-alternatives 2016-05-27 11:37:56: link group keytool updated to point to /usr/lib/jvm/jdk-8-oracle-arm32-vfp-hflt/jre/bin/keytool
update-alternatives 2016-05-27 11:37:56: run with --install /usr/bin/orbd orbd /usr/lib/jvm/jdk-8-oracle-arm32-vfp-hflt/jre/bin/orbd 318 --slave /usr/share/man/man1/orbd.1.gz orbd.1.gz /usr/lib/jvm/jdk-8-oracle-arm32-vfp-hflt/man/man1/orbd.1.gz
update-alternatives 2016-05-27 11:37:56: link group orbd updated to point to /usr/lib/jvm/jdk-8-oracle-arm32-vfp-hflt/jre/bin/orbd
update-alternatives 2016-05-27 11:37:56: run with --install /usr/bin/pack200 pack200 /usr/lib/jvm/jdk-8-oracle-arm32-vfp-hflt/jre/bin/pack200 318 --slave /usr/share/man/man1/pack200.1.gz pack200.1.gz /usr/lib/jvm/jdk-8-oracle-arm32-vfp-hflt/man/man1/pack200.1.gz
update-alternatives 2016-05-27 11:37:56: link group pack200 updated to point to /usr/lib/jvm/jdk-8-oracle-arm32-vfp-hflt/jre/bin/pack200
update-alternatives 2016-05-27 11:37:56: run with --install /usr/bin/rmid rmid /usr/lib/jvm/jdk-8-oracle-arm32-vfp-hflt/jre/bin/rmid 318 --slave /usr/share/man/man1/rmid.1.gz rmid.1.gz /usr/lib/jvm/jdk-8-oracle-arm32-vfp-hflt/man/man1/rmid.1.gz
update-alternatives 2016-05-27 11:37:56: link group rmid updated to point to /usr/lib/jvm/jdk-8-oracle-arm32-vfp-hflt/jre/bin/rmid
update-alternatives 2016-05-27 11:37:56: run with --install /usr/bin/rmiregistry rmiregistry /usr/lib/jvm/jdk-8-oracle-arm32-vfp-hflt/jre/bin/rmiregistry 318 --slave /usr/share/man/man1/rmiregistry.1.gz rmiregistry.1.gz /usr/lib/jvm/jdk-8-oracle-arm32-vfp-hflt/man/man1/rmiregistry.1.gz
update-alternatives 2016-05-27 11:37:56: link group rmiregistry updated to point to /usr/lib/jvm/jdk-8-oracle-arm32-vfp-hflt/jre/bin/rmiregistry
update-alternatives 2016-05-27 11:37:56: run with --install /usr/bin/servertool servertool /usr/lib/jvm/jdk-8-oracle-arm32-vfp-hflt/jre/bin/servertool 318 --slave /usr/share/man/man1/servertool.1.gz servertool.1.gz /usr/lib/jvm/jdk-8-oracle-arm32-vfp-hflt/man/man1/servertool.1.gz
update-alternatives 2016-05-27 11:37:56: link group servertool updated to point to /usr/lib/jvm/jdk-8-oracle-arm32-vfp-hflt/jre/bin/servertool
update-alternatives 2016-05-27 11:37:56: run with --install /usr/bin/tnameserv tnameserv /usr/lib/jvm/jdk-8-oracle-arm32-vfp-hflt/jre/bin/tnameserv 318 --slave /usr/share/man/man1/tnameserv.1.gz tnameserv.1.gz /usr/lib/jvm/jdk-8-oracle-arm32-vfp-hflt/man/man1/tnameserv.1.gz
update-alternatives 2016-05-27 11:37:56: link group tnameserv updated to point to /usr/lib/jvm/jdk-8-oracle-arm32-vfp-hflt/jre/bin/tnameserv
update-alternatives 2016-05-27 11:37:56: run with --install /usr/bin/unpack200 unpack200 /usr/lib/jvm/jdk-8-oracle-arm32-vfp-hflt/jre/bin/unpack200 318 --slave /usr/share/man/man1/unpack200.1.gz unpack200.1.gz /usr/lib/jvm/jdk-8-oracle-arm32-vfp-hflt/man/man1/unpack200.1.gz
update-alternatives 2016-05-27 11:37:56: link group unpack200 updated to point to /usr/lib/jvm/jdk-8-oracle-arm32-vfp-hflt/jre/bin/unpack200
update-alternatives 2016-05-27 11:37:56: run with --install /usr/bin/policytool policytool /usr/lib/jvm/jdk-8-oracle-arm32-vfp-hflt/jre/bin/policytool 318 --slave /usr/share/man/man1/policytool.1.gz policytool.1.gz /usr/lib/jvm/jdk-8-oracle-arm32-vfp-hflt/man/man1/policytool.1.gz
update-alternatives 2016-05-27 11:37:56: link group policytool updated to point to /usr/lib/jvm/jdk-8-oracle-arm32-vfp-hflt/jre/bin/policytool
update-alternatives 2016-05-27 11:37:57: run with --install /usr/bin/policytool policytool /usr/lib/jvm/jdk-8-oracle-arm32-vfp-hflt/jre/bin/policytool 318 --slave /usr/share/man/man1/policytool.1.gz policytool.1.gz /usr/lib/jvm/jdk-8-oracle-arm32-vfp-hflt/man/man1/policytool.1.gz
update-alternatives 2016-05-27 11:37:57: run with --install /usr/bin/jexec jexec /usr/lib/jvm/jdk-8-oracle-arm32-vfp-hflt/jre/lib/jexec 318
update-alternatives 2016-05-27 11:37:57: link group jexec updated to point to /usr/lib/jvm/jdk-8-oracle-arm32-vfp-hflt/jre/lib/jexec
update-alternatives 2016-05-27 11:37:57: run with --install /usr/bin/appletviewer appletviewer /usr/lib/jvm/jdk-8-oracle-arm32-vfp-hflt/bin/appletviewer 318 --slave /usr/share/man/man1/appletviewer.1.gz appletviewer.1.gz /usr/lib/jvm/jdk-8-oracle-arm32-vfp-hflt/man/man1/appletviewer.1.gz
update-alternatives 2016-05-27 11:37:57: link group appletviewer updated to point to /usr/lib/jvm/jdk-8-oracle-arm32-vfp-hflt/bin/appletviewer
update-alternatives 2016-05-27 11:37:57: run with --install /usr/bin/extcheck extcheck /usr/lib/jvm/jdk-8-oracle-arm32-vfp-hflt/bin/extcheck 318 --slave /usr/share/man/man1/extcheck.1.gz extcheck.1.gz /usr/lib/jvm/jdk-8-oracle-arm32-vfp-hflt/man/man1/extcheck.1.gz
update-alternatives 2016-05-27 11:37:57: link group extcheck updated to point to /usr/lib/jvm/jdk-8-oracle-arm32-vfp-hflt/bin/extcheck
update-alternatives 2016-05-27 11:37:57: run with --install /usr/bin/idlj idlj /usr/lib/jvm/jdk-8-oracle-arm32-vfp-hflt/bin/idlj 318 --slave /usr/share/man/man1/idlj.1.gz idlj.1.gz /usr/lib/jvm/jdk-8-oracle-arm32-vfp-hflt/man/man1/idlj.1.gz
update-alternatives 2016-05-27 11:37:57: link group idlj updated to point to /usr/lib/jvm/jdk-8-oracle-arm32-vfp-hflt/bin/idlj
update-alternatives 2016-05-27 11:37:57: run with --install /usr/bin/jar jar /usr/lib/jvm/jdk-8-oracle-arm32-vfp-hflt/bin/jar 318 --slave /usr/share/man/man1/jar.1.gz jar.1.gz /usr/lib/jvm/jdk-8-oracle-arm32-vfp-hflt/man/man1/jar.1.gz
update-alternatives 2016-05-27 11:37:57: link group jar updated to point to /usr/lib/jvm/jdk-8-oracle-arm32-vfp-hflt/bin/jar
update-alternatives 2016-05-27 11:37:57: run with --install /usr/bin/jarsigner jarsigner /usr/lib/jvm/jdk-8-oracle-arm32-vfp-hflt/bin/jarsigner 318 --slave /usr/share/man/man1/jarsigner.1.gz jarsigner.1.gz /usr/lib/jvm/jdk-8-oracle-arm32-vfp-hflt/man/man1/jarsigner.1.gz
update-alternatives 2016-05-27 11:37:57: link group jarsigner updated to point to /usr/lib/jvm/jdk-8-oracle-arm32-vfp-hflt/bin/jarsigner
update-alternatives 2016-05-27 11:37:57: run with --install /usr/bin/javac javac /usr/lib/jvm/jdk-8-oracle-arm32-vfp-hflt/bin/javac 318 --slave /usr/share/man/man1/javac.1.gz javac.1.gz /usr/lib/jvm/jdk-8-oracle-arm32-vfp-hflt/man/man1/javac.1.gz
update-alternatives 2016-05-27 11:37:57: link group javac updated to point to /usr/lib/jvm/jdk-8-oracle-arm32-vfp-hflt/bin/javac
update-alternatives 2016-05-27 11:37:57: run with --install /usr/bin/javadoc javadoc /usr/lib/jvm/jdk-8-oracle-arm32-vfp-hflt/bin/javadoc 318 --slave /usr/share/man/man1/javadoc.1.gz javadoc.1.gz /usr/lib/jvm/jdk-8-oracle-arm32-vfp-hflt/man/man1/javadoc.1.gz
update-alternatives 2016-05-27 11:37:57: link group javadoc updated to point to /usr/lib/jvm/jdk-8-oracle-arm32-vfp-hflt/bin/javadoc
update-alternatives 2016-05-27 11:37:57: run with --install /usr/bin/javah javah /usr/lib/jvm/jdk-8-oracle-arm32-vfp-hflt/bin/javah 318 --slave /usr/share/man/man1/javah.1.gz javah.1.gz /usr/lib/jvm/jdk-8-oracle-arm32-vfp-hflt/man/man1/javah.1.gz
update-alternatives 2016-05-27 11:37:57: link group javah updated to point to /usr/lib/jvm/jdk-8-oracle-arm32-vfp-hflt/bin/javah
update-alternatives 2016-05-27 11:37:57: run with --install /usr/bin/javap javap /usr/lib/jvm/jdk-8-oracle-arm32-vfp-hflt/bin/javap 318 --slave /usr/share/man/man1/javap.1.gz javap.1.gz /usr/lib/jvm/jdk-8-oracle-arm32-vfp-hflt/man/man1/javap.1.gz
update-alternatives 2016-05-27 11:37:57: link group javap updated to point to /usr/lib/jvm/jdk-8-oracle-arm32-vfp-hflt/bin/javap
update-alternatives 2016-05-27 11:37:57: run with --install /usr/bin/jcmd jcmd /usr/lib/jvm/jdk-8-oracle-arm32-vfp-hflt/bin/jcmd 318 --slave /usr/share/man/man1/jcmd.1.gz jcmd.1.gz /usr/lib/jvm/jdk-8-oracle-arm32-vfp-hflt/man/man1/jcmd.1.gz
update-alternatives 2016-05-27 11:37:57: link group jcmd updated to point to /usr/lib/jvm/jdk-8-oracle-arm32-vfp-hflt/bin/jcmd
update-alternatives 2016-05-27 11:37:57: run with --install /usr/bin/jconsole jconsole /usr/lib/jvm/jdk-8-oracle-arm32-vfp-hflt/bin/jconsole 318 --slave /usr/share/man/man1/jconsole.1.gz jconsole.1.gz /usr/lib/jvm/jdk-8-oracle-arm32-vfp-hflt/man/man1/jconsole.1.gz
update-alternatives 2016-05-27 11:37:57: link group jconsole updated to point to /usr/lib/jvm/jdk-8-oracle-arm32-vfp-hflt/bin/jconsole
update-alternatives 2016-05-27 11:37:57: run with --install /usr/bin/jdb jdb /usr/lib/jvm/jdk-8-oracle-arm32-vfp-hflt/bin/jdb 318 --slave /usr/share/man/man1/jdb.1.gz jdb.1.gz /usr/lib/jvm/jdk-8-oracle-arm32-vfp-hflt/man/man1/jdb.1.gz
update-alternatives 2016-05-27 11:37:57: link group jdb updated to point to /usr/lib/jvm/jdk-8-oracle-arm32-vfp-hflt/bin/jdb
update-alternatives 2016-05-27 11:37:57: run with --install /usr/bin/jdeps jdeps /usr/lib/jvm/jdk-8-oracle-arm32-vfp-hflt/bin/jdeps 318 --slave /usr/share/man/man1/jdeps.1.gz jdeps.1.gz /usr/lib/jvm/jdk-8-oracle-arm32-vfp-hflt/man/man1/jdeps.1.gz
update-alternatives 2016-05-27 11:37:57: link group jdeps updated to point to /usr/lib/jvm/jdk-8-oracle-arm32-vfp-hflt/bin/jdeps
update-alternatives 2016-05-27 11:37:57: run with --install /usr/bin/jhat jhat /usr/lib/jvm/jdk-8-oracle-arm32-vfp-hflt/bin/jhat 318 --slave /usr/share/man/man1/jhat.1.gz jhat.1.gz /usr/lib/jvm/jdk-8-oracle-arm32-vfp-hflt/man/man1/jhat.1.gz
update-alternatives 2016-05-27 11:37:57: link group jhat updated to point to /usr/lib/jvm/jdk-8-oracle-arm32-vfp-hflt/bin/jhat
update-alternatives 2016-05-27 11:37:57: run with --install /usr/bin/jinfo jinfo /usr/lib/jvm/jdk-8-oracle-arm32-vfp-hflt/bin/jinfo 318 --slave /usr/share/man/man1/jinfo.1.gz jinfo.1.gz /usr/lib/jvm/jdk-8-oracle-arm32-vfp-hflt/man/man1/jinfo.1.gz
update-alternatives 2016-05-27 11:37:57: link group jinfo updated to point to /usr/lib/jvm/jdk-8-oracle-arm32-vfp-hflt/bin/jinfo
update-alternatives 2016-05-27 11:37:57: run with --install /usr/bin/jmap jmap /usr/lib/jvm/jdk-8-oracle-arm32-vfp-hflt/bin/jmap 318 --slave /usr/share/man/man1/jmap.1.gz jmap.1.gz /usr/lib/jvm/jdk-8-oracle-arm32-vfp-hflt/man/man1/jmap.1.gz
update-alternatives 2016-05-27 11:37:57: link group jmap updated to point to /usr/lib/jvm/jdk-8-oracle-arm32-vfp-hflt/bin/jmap
update-alternatives 2016-05-27 11:37:58: run with --install /usr/bin/jps jps /usr/lib/jvm/jdk-8-oracle-arm32-vfp-hflt/bin/jps 318 --slave /usr/share/man/man1/jps.1.gz jps.1.gz /usr/lib/jvm/jdk-8-oracle-arm32-vfp-hflt/man/man1/jps.1.gz
update-alternatives 2016-05-27 11:37:58: link group jps updated to point to /usr/lib/jvm/jdk-8-oracle-arm32-vfp-hflt/bin/jps
update-alternatives 2016-05-27 11:37:58: run with --install /usr/bin/jrunscript jrunscript /usr/lib/jvm/jdk-8-oracle-arm32-vfp-hflt/bin/jrunscript 318 --slave /usr/share/man/man1/jrunscript.1.gz jrunscript.1.gz /usr/lib/jvm/jdk-8-oracle-arm32-vfp-hflt/man/man1/jrunscript.1.gz
update-alternatives 2016-05-27 11:37:58: link group jrunscript updated to point to /usr/lib/jvm/jdk-8-oracle-arm32-vfp-hflt/bin/jrunscript
update-alternatives 2016-05-27 11:37:58: run with --install /usr/bin/jsadebugd jsadebugd /usr/lib/jvm/jdk-8-oracle-arm32-vfp-hflt/bin/jsadebugd 318 --slave /usr/share/man/man1/jsadebugd.1.gz jsadebugd.1.gz /usr/lib/jvm/jdk-8-oracle-arm32-vfp-hflt/man/man1/jsadebugd.1.gz
update-alternatives 2016-05-27 11:37:58: link group jsadebugd updated to point to /usr/lib/jvm/jdk-8-oracle-arm32-vfp-hflt/bin/jsadebugd
update-alternatives 2016-05-27 11:37:58: run with --install /usr/bin/jstack jstack /usr/lib/jvm/jdk-8-oracle-arm32-vfp-hflt/bin/jstack 318 --slave /usr/share/man/man1/jstack.1.gz jstack.1.gz /usr/lib/jvm/jdk-8-oracle-arm32-vfp-hflt/man/man1/jstack.1.gz
update-alternatives 2016-05-27 11:37:58: link group jstack updated to point to /usr/lib/jvm/jdk-8-oracle-arm32-vfp-hflt/bin/jstack
update-alternatives 2016-05-27 11:37:58: run with --install /usr/bin/jstat jstat /usr/lib/jvm/jdk-8-oracle-arm32-vfp-hflt/bin/jstat 318 --slave /usr/share/man/man1/jstat.1.gz jstat.1.gz /usr/lib/jvm/jdk-8-oracle-arm32-vfp-hflt/man/man1/jstat.1.gz
update-alternatives 2016-05-27 11:37:58: link group jstat updated to point to /usr/lib/jvm/jdk-8-oracle-arm32-vfp-hflt/bin/jstat
update-alternatives 2016-05-27 11:37:58: run with --install /usr/bin/jstatd jstatd /usr/lib/jvm/jdk-8-oracle-arm32-vfp-hflt/bin/jstatd 318 --slave /usr/share/man/man1/jstatd.1.gz jstatd.1.gz /usr/lib/jvm/jdk-8-oracle-arm32-vfp-hflt/man/man1/jstatd.1.gz
update-alternatives 2016-05-27 11:37:58: link group jstatd updated to point to /usr/lib/jvm/jdk-8-oracle-arm32-vfp-hflt/bin/jstatd
update-alternatives 2016-05-27 11:37:58: run with --install /usr/bin/native2ascii native2ascii /usr/lib/jvm/jdk-8-oracle-arm32-vfp-hflt/bin/native2ascii 318 --slave /usr/share/man/man1/native2ascii.1.gz native2ascii.1.gz /usr/lib/jvm/jdk-8-oracle-arm32-vfp-hflt/man/man1/native2ascii.1.gz
update-alternatives 2016-05-27 11:37:58: link group native2ascii updated to point to /usr/lib/jvm/jdk-8-oracle-arm32-vfp-hflt/bin/native2ascii
update-alternatives 2016-05-27 11:37:58: run with --install /usr/bin/rmic rmic /usr/lib/jvm/jdk-8-oracle-arm32-vfp-hflt/bin/rmic 318 --slave /usr/share/man/man1/rmic.1.gz rmic.1.gz /usr/lib/jvm/jdk-8-oracle-arm32-vfp-hflt/man/man1/rmic.1.gz
update-alternatives 2016-05-27 11:37:58: link group rmic updated to point to /usr/lib/jvm/jdk-8-oracle-arm32-vfp-hflt/bin/rmic
update-alternatives 2016-05-27 11:37:58: run with --install /usr/bin/schemagen schemagen /usr/lib/jvm/jdk-8-oracle-arm32-vfp-hflt/bin/schemagen 318 --slave /usr/share/man/man1/schemagen.1.gz schemagen.1.gz /usr/lib/jvm/jdk-8-oracle-arm32-vfp-hflt/man/man1/schemagen.1.gz
update-alternatives 2016-05-27 11:37:58: link group schemagen updated to point to /usr/lib/jvm/jdk-8-oracle-arm32-vfp-hflt/bin/schemagen
update-alternatives 2016-05-27 11:37:58: run with --install /usr/bin/serialver serialver /usr/lib/jvm/jdk-8-oracle-arm32-vfp-hflt/bin/serialver 318 --slave /usr/share/man/man1/serialver.1.gz serialver.1.gz /usr/lib/jvm/jdk-8-oracle-arm32-vfp-hflt/man/man1/serialver.1.gz
update-alternatives 2016-05-27 11:37:58: link group serialver updated to point to /usr/lib/jvm/jdk-8-oracle-arm32-vfp-hflt/bin/serialver
update-alternatives 2016-05-27 11:37:58: run with --install /usr/bin/wsgen wsgen /usr/lib/jvm/jdk-8-oracle-arm32-vfp-hflt/bin/wsgen 318 --slave /usr/share/man/man1/wsgen.1.gz wsgen.1.gz /usr/lib/jvm/jdk-8-oracle-arm32-vfp-hflt/man/man1/wsgen.1.gz
update-alternatives 2016-05-27 11:37:58: link group wsgen updated to point to /usr/lib/jvm/jdk-8-oracle-arm32-vfp-hflt/bin/wsgen
update-alternatives 2016-05-27 11:37:58: run with --install /usr/bin/wsimport wsimport /usr/lib/jvm/jdk-8-oracle-arm32-vfp-hflt/bin/wsimport 318 --slave /usr/share/man/man1/wsimport.1.gz wsimport.1.gz /usr/lib/jvm/jdk-8-oracle-arm32-vfp-hflt/man/man1/wsimport.1.gz
update-alternatives 2016-05-27 11:37:58: link group wsimport updated to point to /usr/lib/jvm/jdk-8-oracle-arm32-vfp-hflt/bin/wsimport
update-alternatives 2016-05-27 11:37:58: run with --install /usr/bin/xjc xjc /usr/lib/jvm/jdk-8-oracle-arm32-vfp-hflt/bin/xjc 318 --slave /usr/share/man/man1/xjc.1.gz xjc.1.gz /usr/lib/jvm/jdk-8-oracle-arm32-vfp-hflt/man/man1/xjc.1.gz
update-alternatives 2016-05-27 11:37:58: link group xjc updated to point to /usr/lib/jvm/jdk-8-oracle-arm32-vfp-hflt/bin/xjc
update-alternatives 2016-05-27 11:38:00: run with --install /usr/lib/arm-linux-gnueabihf/libtxc_dxtn.so libtxc-dxtn-arm-linux-gnueabihf /usr/lib/arm-linux-gnueabihf/libtxc_dxtn_s2tc.so.0 10
update-alternatives 2016-05-27 11:38:00: link group libtxc-dxtn-arm-linux-gnueabihf updated to point to /usr/lib/arm-linux-gnueabihf/libtxc_dxtn_s2tc.so.0
update-alternatives 2016-05-27 11:38:44: run with --install /usr/bin/js js /usr/bin/nodejs 200 --slave /usr/share/man/man1/js.1.gz js.1.gz /usr/share/man/man1/nodejs.1.gz
update-alternatives 2016-05-27 11:38:44: link group js updated to point to /usr/bin/nodejs
update-alternatives 2016-05-27 11:40:03: run with --quiet --install /usr/bin/x-www-browser x-www-browser /usr/bin/dillo 50 --slave /usr/share/man/man1/x-www-browser.1.gz x-www-browser.1.gz /usr/share/man/man1/dillo.1.gz
update-alternatives 2016-05-27 11:40:10: run with --install /usr/bin/x-session-manager x-session-manager /usr/bin/startlxde-pi 90 --slave /usr/share/man/man1/x-session-manager.1.gz x-session-manager.1.gz /usr/share/man/man1/startlxde.1.gz
update-alternatives 2016-05-27 11:40:10: link group x-session-manager updated to point to /usr/bin/startlxde-pi
update-alternatives 2016-09-21 20:34:05: run with --install /usr/bin/vim vim /usr/bin/vim.basic 30
update-alternatives 2016-09-21 20:34:05: link group vim updated to point to /usr/bin/vim.basic
update-alternatives 2016-09-21 20:34:05: run with --install /usr/bin/vimdiff vimdiff /usr/bin/vim.basic 30
update-alternatives 2016-09-21 20:34:05: link group vimdiff updated to point to /usr/bin/vim.basic
update-alternatives 2016-09-21 20:34:05: run with --install /usr/bin/rvim rvim /usr/bin/vim.basic 30
update-alternatives 2016-09-21 20:34:05: link group rvim updated to point to /usr/bin/vim.basic
update-alternatives 2016-09-21 20:34:05: run with --install /usr/bin/rview rview /usr/bin/vim.basic 30
update-alternatives 2016-09-21 20:34:05: link group rview updated to point to /usr/bin/vim.basic
update-alternatives 2016-09-21 20:34:05: run with --install /usr/bin/vi vi /usr/bin/vim.basic 30 --slave /usr/share/man/fr/man1/vi.1.gz vi.fr.1.gz /usr/share/man/fr/man1/vim.1.gz --slave /usr/share/man/it/man1/vi.1.gz vi.it.1.gz /usr/share/man/it/man1/vim.1.gz --slave /usr/share/man/pl/man1/vi.1.gz vi.pl.1.gz /usr/share/man/pl/man1/vim.1.gz --slave /usr/share/man/ru/man1/vi.1.gz vi.ru.1.gz /usr/share/man/ru/man1/vim.1.gz --slave /usr/share/man/ja/man1/vi.1.gz vi.ja.1.gz /usr/share/man/ja/man1/vim.1.gz --slave /usr/share/man/man1/vi.1.gz vi.1.gz /usr/share/man/man1/vim.1.gz
update-alternatives 2016-09-21 20:34:05: link group vi updated to point to /usr/bin/vim.basic
update-alternatives 2016-09-21 20:34:05: run with --install /usr/bin/view view /usr/bin/vim.basic 30 --slave /usr/share/man/fr/man1/view.1.gz view.fr.1.gz /usr/share/man/fr/man1/vim.1.gz --slave /usr/share/man/it/man1/view.1.gz view.it.1.gz /usr/share/man/it/man1/vim.1.gz --slave /usr/share/man/pl/man1/view.1.gz view.pl.1.gz /usr/share/man/pl/man1/vim.1.gz --slave /usr/share/man/ru/man1/view.1.gz view.ru.1.gz /usr/share/man/ru/man1/vim.1.gz --slave /usr/share/man/ja/man1/view.1.gz view.ja.1.gz /usr/share/man/ja/man1/vim.1.gz --slave /usr/share/man/man1/view.1.gz view.1.gz /usr/share/man/man1/vim.1.gz
update-alternatives 2016-09-21 20:34:05: link group view updated to point to /usr/bin/vim.basic
update-alternatives 2016-09-21 20:34:05: run with --install /usr/bin/ex ex /usr/bin/vim.basic 30 --slave /usr/share/man/fr/man1/ex.1.gz ex.fr.1.gz /usr/share/man/fr/man1/vim.1.gz --slave /usr/share/man/it/man1/ex.1.gz ex.it.1.gz /usr/share/man/it/man1/vim.1.gz --slave /usr/share/man/pl/man1/ex.1.gz ex.pl.1.gz /usr/share/man/pl/man1/vim.1.gz --slave /usr/share/man/ru/man1/ex.1.gz ex.ru.1.gz /usr/share/man/ru/man1/vim.1.gz --slave /usr/share/man/ja/man1/ex.1.gz ex.ja.1.gz /usr/share/man/ja/man1/vim.1.gz --slave /usr/share/man/man1/ex.1.gz ex.1.gz /usr/share/man/man1/vim.1.gz
update-alternatives 2016-09-21 20:34:05: link group ex updated to point to /usr/bin/vim.basic
update-alternatives 2016-09-21 20:34:05: run with --install /usr/bin/editor editor /usr/bin/vim.basic 30 --slave /usr/share/man/fr/man1/editor.1.gz editor.fr.1.gz /usr/share/man/fr/man1/vim.1.gz --slave /usr/share/man/it/man1/editor.1.gz editor.it.1.gz /usr/share/man/it/man1/vim.1.gz --slave /usr/share/man/pl/man1/editor.1.gz editor.pl.1.gz /usr/share/man/pl/man1/vim.1.gz --slave /usr/share/man/ru/man1/editor.1.gz editor.ru.1.gz /usr/share/man/ru/man1/vim.1.gz --slave /usr/share/man/ja/man1/editor.1.gz editor.ja.1.gz /usr/share/man/ja/man1/vim.1.gz --slave /usr/share/man/man1/editor.1.gz editor.1.gz /usr/share/man/man1/vim.1.gz
update-alternatives 2016-09-22 20:23:35: run with --install /usr/bin/rename rename /usr/bin/prename 60 --slave /usr/share/man/man1/rename.1.gz rename.1.gz /usr/share/man/man1/prename.1.gz
update-alternatives 2016-09-22 20:23:58: run with --quiet --remove rlogin /usr/bin/ssh
update-alternatives 2016-09-22 20:23:58: run with --quiet --remove rcp /usr/bin/ssh
update-alternatives 2016-09-28 20:47:56: run with --install /usr/bin/x-www-browser x-www-browser /usr/bin/firefox-esr 70 --slave /usr/share/man/man1/x-www-browser.1.gz x-www-browser.1.gz /usr/share/man/man1/firefox-esr.1.gz
update-alternatives 2016-09-28 20:47:56: run with --install /usr/bin/gnome-www-browser gnome-www-browser /usr/bin/firefox-esr 70 --slave /usr/share/man/man1/gnome-www-browser.1.gz gnome-www-browser.1.gz /usr/share/man/man1/firefox-esr.1.gz
update-alternatives 2016-09-29 02:03:19: run with --remove x-terminal-emulator /usr/bin/lxterminal
update-alternatives 2016-09-29 02:03:19: link group x-terminal-emulator fully removed
update-alternatives 2016-09-29 02:03:32: run with --remove x-window-manager /usr/bin/openbox-session
update-alternatives 2016-09-29 02:05:03: run with --install /usr/bin/x-terminal-emulator x-terminal-emulator /usr/bin/lxterminal 40 --slave /usr/share/man/man1/x-terminal-emulator.1.gz x-terminal-emulator.1.gz /usr/share/man/man1/lxterminal.1.gz
update-alternatives 2016-09-29 02:05:03: link group x-terminal-emulator updated to point to /usr/bin/lxterminal
update-alternatives 2016-09-29 02:05:03: run with --install /usr/bin/x-window-manager x-window-manager /usr/bin/openbox 90 --slave /usr/share/man/man1/x-window-manager.1.gz x-window-manager.1.gz /usr/share/man/man1/openbox.1.gz
update-alternatives 2016-09-29 02:05:03: run with --install /usr/bin/x-session-manager x-session-manager /usr/bin/openbox-session 40 --slave /usr/share/man/man1/x-session-manager.1.gz x-session-manager.1.gz /usr/share/man/man1/openbox-session.1.gz
